app/build/outputs/logs/manifest-merger-release-report.txt
-- Merging decision tree log ---
manifest
ADDED from src\main\AndroidManifest.xml:2:1-128:12
	package
		ADDED from src\main\AndroidManifest.xml:4:5-42
		INJECTED from src\main\AndroidManifest.xml
		INJECTED from src\main\AndroidManifest.xml
	android:versionName
		INJECTED from src\main\AndroidManifest.xml
		INJECTED from src\main\AndroidManifest.xml
	xmlns:tools
		ADDED from src\main\AndroidManifest.xml:3:5-51
	xmlns:android
		ADDED from src\main\AndroidManifest.xml:2:11-69
	android:versionCode
		INJECTED from src\main\AndroidManifest.xml
		INJECTED from src\main\AndroidManifest.xml
permission#com.plamera.tmswiftlauncher.permission.PRELOAD_WORKSPACE
ADDED from src\main\AndroidManifest.xml:5:5-6:82
	android:name
		ADDED from src\main\AndroidManifest.xml:6:9-80
permission#com.plamera.tmswiftlauncher.permission.INSTALL_SHORTCUT
ADDED from src\main\AndroidManifest.xml:7:5-12:67
	android:label
		ADDED from src\main\AndroidManifest.xml:11:9-57
	android:protectionLevel
		ADDED from src\main\AndroidManifest.xml:10:9-44
	android:permissionGroup
		ADDED from src\main\AndroidManifest.xml:9:9-72
	android:description
		ADDED from src\main\AndroidManifest.xml:12:9-64
	android:name
		ADDED from src\main\AndroidManifest.xml:8:9-79
permission#com.plamera.tmswiftlauncher.permission.UNINSTALL_SHORTCUT
ADDED from src\main\AndroidManifest.xml:13:5-18:68
	android:label
		ADDED from src\main\AndroidManifest.xml:17:9-59
	android:protectionLevel
		ADDED from src\main\AndroidManifest.xml:16:9-44
	android:permissionGroup
		ADDED from src\main\AndroidManifest.xml:15:9-72
	android:description
		ADDED from src\main\AndroidManifest.xml:18:9-66
	android:name
		ADDED from src\main\AndroidManifest.xml:14:9-81
permission#com.android.launcher2.permission.READ_SETTINGS
ADDED from src\main\AndroidManifest.xml:19:5-24:44
	android:label
		ADDED from src\main\AndroidManifest.xml:22:9-54
	android:protectionLevel
		ADDED from src\main\AndroidManifest.xml:24:9-41
	android:permissionGroup
		ADDED from src\main\AndroidManifest.xml:23:9-72
	android:description
		ADDED from src\main\AndroidManifest.xml:21:9-61
	android:name
		ADDED from src\main\AndroidManifest.xml:20:9-70
permission#com.android.launcher2.permission.WRITE_SETTINGS
ADDED from src\main\AndroidManifest.xml:25:5-30:44
	android:label
		ADDED from src\main\AndroidManifest.xml:28:9-55
	android:protectionLevel
		ADDED from src\main\AndroidManifest.xml:30:9-41
	android:permissionGroup
		ADDED from src\main\AndroidManifest.xml:29:9-72
	android:description
		ADDED from src\main\AndroidManifest.xml:27:9-62
	android:name
		ADDED from src\main\AndroidManifest.xml:26:9-71
uses-permission#android.permission.CALL_PHONE
ADDED from src\main\AndroidManifest.xml:31:5-69
	android:name
		ADDED from src\main\AndroidManifest.xml:31:22-66
uses-permission#android.permission.GET_ACCOUNTS
ADDED from src\main\AndroidManifest.xml:32:5-34:38
	android:maxSdkVersion
		ADDED from src\main\AndroidManifest.xml:34:9-35
	android:name
		ADDED from src\main\AndroidManifest.xml:33:9-55
uses-permission#android.permission.SET_WALLPAPER
ADDED from src\main\AndroidManifest.xml:35:5-72
	android:name
		ADDED from src\main\AndroidManifest.xml:35:22-69
uses-permission#android.permission.SET_WALLPAPER_HINTS
ADDED from src\main\AndroidManifest.xml:36:5-78
	android:name
		ADDED from src\main\AndroidManifest.xml:36:22-75
uses-permission#android.permission.VIBRATE
ADDED from src\main\AndroidManifest.xml:37:5-66
	android:name
		ADDED from src\main\AndroidManifest.xml:37:22-63
uses-permission#android.permission.BIND_APPWIDGET
ADDED from src\main\AndroidManifest.xml:38:5-39:47
	tools:ignore
		ADDED from src\main\AndroidManifest.xml:39:9-44
	android:name
		ADDED from src\main\AndroidManifest.xml:38:22-70
uses-permission#android.permission.GET_ACCOUNTS_PRIVILEGED
ADDED from src\main\AndroidManifest.xml:40:5-82
	android:name
		ADDED from src\main\AndroidManifest.xml:40:22-79
uses-permission#android.permission.READ_SETTINGS
ADDED from src\main\AndroidManifest.xml:41:5-72
	android:name
		ADDED from src\main\AndroidManifest.xml:41:22-69
uses-permission#android.permission.WRITE_SETTINGS
ADDED from src\main\AndroidManifest.xml:42:5-73
	android:name
		ADDED from src\main\AndroidManifest.xml:42:22-70
uses-permission#android.permission.READ_PHONE_STATE
ADDED from src\main\AndroidManifest.xml:43:5-74
	android:name
		ADDED from src\main\AndroidManifest.xml:43:22-72
uses-permission#android.permission.INTERNET
ADDED from src\main\AndroidManifest.xml:45:5-66
	android:name
		ADDED from src\main\AndroidManifest.xml:45:22-64
uses-permission#android.permission.READ_CONTACTS
ADDED from src\main\AndroidManifest.xml:46:5-72
	android:name
		ADDED from src\main\AndroidManifest.xml:46:22-69
uses-permission#android.permission.WRITE_CONTACTS
ADDED from src\main\AndroidManifest.xml:47:5-73
	android:name
		ADDED from src\main\AndroidManifest.xml:47:22-70
uses-permission#android.permission.ACCESS_WIFI_STATE
ADDED from src\main\AndroidManifest.xml:48:5-75
	android:name
		ADDED from src\main\AndroidManifest.xml:48:22-73
uses-permission#android.permission.ACCESS_NETWORK_STATE
ADDED from src\main\AndroidManifest.xml:49:5-78
	android:name
		ADDED from src\main\AndroidManifest.xml:49:22-76
uses-permission#android.permission.CHANGE_WIFI_STATE
ADDED from src\main\AndroidManifest.xml:50:5-75
	android:name
		ADDED from src\main\AndroidManifest.xml:50:22-73
uses-permission#android.permission.WRITE_EXTERNAL_STORAGE
ADDED from src\main\AndroidManifest.xml:51:5-81
	android:name
		ADDED from src\main\AndroidManifest.xml:51:22-78
uses-permission#android.permission.ACCESS_COARSE_LOCATION
ADDED from src\main\AndroidManifest.xml:52:5-81
	android:name
		ADDED from src\main\AndroidManifest.xml:52:22-78
uses-permission#android.permission.ACCESS_FINE_LOCATION
ADDED from src\main\AndroidManifest.xml:53:5-79
	android:name
		ADDED from src\main\AndroidManifest.xml:53:22-76
uses-permission#android.permission.PROCESS_OUTGOING_CALLS
ADDED from src\main\AndroidManifest.xml:54:5-81
	android:name
		ADDED from src\main\AndroidManifest.xml:54:22-78
uses-permission#android.permission.USE_CREDENTIALS
ADDED from src\main\AndroidManifest.xml:55:5-73
	android:name
		ADDED from src\main\AndroidManifest.xml:55:22-71
uses-permission#android.permission.KILL_BACKGROUND_PROCESSES
ADDED from src\main\AndroidManifest.xml:56:5-84
	android:name
		ADDED from src\main\AndroidManifest.xml:56:22-81
uses-feature#android.hardware.location.gps
ADDED from src\main\AndroidManifest.xml:57:5-66
MERGED from [com.mapzen.android:lost:3.0.2] AndroidManifest.xml:13:5-15:36
	android:name
		ADDED from src\main\AndroidManifest.xml:57:19-63
uses-permission#android.permission.WRITE_APN_SETTINGS
ADDED from src\main\AndroidManifest.xml:58:5-59:47
	tools:ignore
		ADDED from src\main\AndroidManifest.xml:59:9-44
	android:name
		ADDED from src\main\AndroidManifest.xml:58:22-74
uses-permission#android.permission.ACCOUNT_MANAGER
ADDED from src\main\AndroidManifest.xml:60:5-61:47
	tools:ignore
		ADDED from src\main\AndroidManifest.xml:61:9-44
	android:name
		ADDED from src\main\AndroidManifest.xml:60:22-71
uses-permission#android.permission.MODIFY_PHONE_STATE
ADDED from src\main\AndroidManifest.xml:62:5-63:47
	tools:ignore
		ADDED from src\main\AndroidManifest.xml:63:9-44
	android:name
		ADDED from src\main\AndroidManifest.xml:62:22-74
uses-permission#android.permission.RECEIVE_BOOT_COMPLETED
ADDED from src\main\AndroidManifest.xml:64:5-80
	android:name
		ADDED from src\main\AndroidManifest.xml:64:22-78
application
ADDED from src\main\AndroidManifest.xml:66:5-127:19
MERGED from [com.mapzen.android:lost:3.0.2] AndroidManifest.xml:21:5-32:19
MERGED from [com.android.support:appcompat-v7:26.1.0] AndroidManifest.xml:25:5-29:19
MERGED from [com.android.support:support-v4:26.1.0] AndroidManifest.xml:25:5-29:19
MERGED from [com.android.support:support-media-compat:26.1.0] AndroidManifest.xml:25:5-29:19
MERGED from [com.android.support:support-fragment:26.1.0] AndroidManifest.xml:25:5-29:19
MERGED from [com.android.support:support-core-utils:26.1.0] AndroidManifest.xml:25:5-29:19
MERGED from [com.android.support:animated-vector-drawable:26.1.0] AndroidManifest.xml:22:5-26:19
MERGED from [com.android.support:support-vector-drawable:26.1.0] AndroidManifest.xml:22:5-26:19
MERGED from [com.android.support:support-core-ui:26.1.0] AndroidManifest.xml:25:5-29:19
MERGED from [com.android.support:support-compat:26.1.0] AndroidManifest.xml:25:5-29:19
MERGED from [android.arch.lifecycle:runtime:1.0.0] AndroidManifest.xml:24:5-28:19
	android:label
		ADDED from src\main\AndroidManifest.xml:70:9-41
	android:supportsRtl
		ADDED from src\main\AndroidManifest.xml:72:9-35
	android:hardwareAccelerated
		ADDED from src\main\AndroidManifest.xml:67:9-43
	android:debuggable
		ADDED from src\main\AndroidManifest.xml:73:9-34
	android:roundIcon
		ADDED from src\main\AndroidManifest.xml:71:9-54
	tools:ignore
		ADDED from src\main\AndroidManifest.xml:75:9-42
	android:allowBackup
		ADDED from src\main\AndroidManifest.xml:68:9-35
	android:icon
		ADDED from src\main\AndroidManifest.xml:69:9-43
	android:theme
		ADDED from src\main\AndroidManifest.xml:74:9-40
activity#com.plamera.tmswiftlauncher.MainActivity
ADDED from src\main\AndroidManifest.xml:76:9-91:20
	android:clearTaskOnLaunch
		ADDED from src\main\AndroidManifest.xml:81:13-45
	android:screenOrientation
		ADDED from src\main\AndroidManifest.xml:80:13-49
	android:label
		ADDED from src\main\AndroidManifest.xml:78:13-45
	android:stateNotNeeded
		ADDED from src\main\AndroidManifest.xml:83:13-42
	android:launchMode
		ADDED from src\main\AndroidManifest.xml:82:13-44
	tools:targetApi
		ADDED from src\main\AndroidManifest.xml:84:13-37
	android:theme
		ADDED from src\main\AndroidManifest.xml:79:13-81
	android:name
		ADDED from src\main\AndroidManifest.xml:77:13-68
intent-filter#android.intent.action.MAIN+android.intent.category.DEFAULT+android.intent.category.HOME+android.intent.category.MONKEY
ADDED from src\main\AndroidManifest.xml:85:13-90:29
action#android.intent.action.MAIN
ADDED from src\main\AndroidManifest.xml:86:17-69
	android:name
		ADDED from src\main\AndroidManifest.xml:86:25-66
category#android.intent.category.HOME
ADDED from src\main\AndroidManifest.xml:87:17-73
	android:name
		ADDED from src\main\AndroidManifest.xml:87:27-70
category#android.intent.category.DEFAULT
ADDED from src\main\AndroidManifest.xml:88:17-76
	android:name
		ADDED from src\main\AndroidManifest.xml:88:27-73
category#android.intent.category.MONKEY
ADDED from src\main\AndroidManifest.xml:89:17-75
	android:name
		ADDED from src\main\AndroidManifest.xml:89:27-72
activity#com.plamera.tmswiftlauncher.AppsList.HomeScreen
ADDED from src\main\AndroidManifest.xml:92:9-96:20
	android:screenOrientation
		ADDED from src\main\AndroidManifest.xml:94:13-49
	android:theme
		ADDED from src\main\AndroidManifest.xml:95:13-66
	android:name
		ADDED from src\main\AndroidManifest.xml:93:13-75
service#com.plamera.tmswiftlauncher.LauncherService
ADDED from src\main\AndroidManifest.xml:97:9-101:19
	android:exported
		ADDED from src\main\AndroidManifest.xml:99:13-36
	android:permission
		ADDED from src\main\AndroidManifest.xml:100:13-38
	android:name
		ADDED from src\main\AndroidManifest.xml:98:13-44
receiver#com.plamera.tmswiftlauncher.MainActivity$EmmReceiver
ADDED from src\main\AndroidManifest.xml:102:9-108:20
	tools:ignore
		ADDED from src\main\AndroidManifest.xml:104:13-44
	android:name
		ADDED from src\main\AndroidManifest.xml:103:13-80
intent-filter#com.plamera.CUSTOM_INTENT
ADDED from src\main\AndroidManifest.xml:105:13-107:29
action#com.plamera.CUSTOM_INTENT
ADDED from src\main\AndroidManifest.xml:106:17-67
	android:name
		ADDED from src\main\AndroidManifest.xml:106:25-65
receiver#com.plamera.tmswiftlauncher.BlockOutgoing
ADDED from src\main\AndroidManifest.xml:109:9-114:20
	android:name
		ADDED from src\main\AndroidManifest.xml:110:13-69
intent-filter#android.intent.action.NEW_OUTGOING_CALL
ADDED from src\main\AndroidManifest.xml:111:13-113:29
	android:priority
		ADDED from src\main\AndroidManifest.xml:111:28-48
action#android.intent.action.NEW_OUTGOING_CALL
ADDED from src\main\AndroidManifest.xml:112:17-82
	android:name
		ADDED from src\main\AndroidManifest.xml:112:25-79
provider#com.plamera.tmswiftlauncher.Provider.FlagProvider
ADDED from src\main\AndroidManifest.xml:115:9-120:20
	android:authorities
		ADDED from src\main\AndroidManifest.xml:117:13-84
	android:exported
		ADDED from src\main\AndroidManifest.xml:118:13-36
	tools:ignore
		ADDED from src\main\AndroidManifest.xml:119:13-51
	android:name
		ADDED from src\main\AndroidManifest.xml:116:13-50
provider#com.plamera.tmswiftlauncher.Provider.BlackListProvider
ADDED from src\main\AndroidManifest.xml:121:9-126:20
	android:authorities
		ADDED from src\main\AndroidManifest.xml:123:13-89
	android:exported
		ADDED from src\main\AndroidManifest.xml:124:13-36
	tools:ignore
		ADDED from src\main\AndroidManifest.xml:125:13-51
	android:name
		ADDED from src\main\AndroidManifest.xml:122:13-55
uses-sdk
INJECTED from src\main\AndroidManifest.xml reason: use-sdk injection requested
MERGED from [com.mapzen.android:lost:3.0.2] AndroidManifest.xml:5:5-7:41
MERGED from [com.android.support:appcompat-v7:26.1.0] AndroidManifest.xml:21:5-23:78
MERGED from [com.android.support:support-v4:26.1.0] AndroidManifest.xml:21:5-23:54
MERGED from [com.android.support:support-media-compat:26.1.0] AndroidManifest.xml:21:5-23:63
MERGED from [com.android.support:support-fragment:26.1.0] AndroidManifest.xml:21:5-23:60
MERGED from [com.android.support:support-core-utils:26.1.0] AndroidManifest.xml:21:5-23:61
MERGED from [com.android.support:animated-vector-drawable:26.1.0] AndroidManifest.xml:20:5-44
MERGED from [com.android.support:support-vector-drawable:26.1.0] AndroidManifest.xml:20:5-44
MERGED from [com.android.support:support-core-ui:26.1.0] AndroidManifest.xml:21:5-23:58
MERGED from [com.android.support:support-compat:26.1.0] AndroidManifest.xml:21:5-23:58
MERGED from [android.arch.lifecycle:runtime:1.0.0] AndroidManifest.xml:20:5-22:41
	tools:overrideLibrary
		ADDED from [com.android.support:appcompat-v7:26.1.0] AndroidManifest.xml:23:9-75
	android:targetSdkVersion
		INJECTED from src\main\AndroidManifest.xml
		INJECTED from src\main\AndroidManifest.xml
	android:minSdkVersion
		INJECTED from src\main\AndroidManifest.xml
		INJECTED from src\main\AndroidManifest.xml
uses-feature#android.hardware.sensor.accelerometer
ADDED from [com.mapzen.android:lost:3.0.2] AndroidManifest.xml:9:5-11:36
	android:required
		ADDED from [com.mapzen.android:lost:3.0.2] AndroidManifest.xml:11:9-33
	android:name
		ADDED from [com.mapzen.android:lost:3.0.2] AndroidManifest.xml:10:9-61
uses-feature#android.hardware.location
ADDED from [com.mapzen.android:lost:3.0.2] AndroidManifest.xml:12:5-62
	android:name
		ADDED from [com.mapzen.android:lost:3.0.2] AndroidManifest.xml:12:19-59
uses-feature#android.hardware.telephony
ADDED from [com.mapzen.android:lost:3.0.2] AndroidManifest.xml:16:5-18:36
	android:required
		ADDED from [com.mapzen.android:lost:3.0.2] AndroidManifest.xml:18:9-33
	android:name
		ADDED from [com.mapzen.android:lost:3.0.2] AndroidManifest.xml:17:9-50
uses-feature#android.hardware.wifi
ADDED from [com.mapzen.android:lost:3.0.2] AndroidManifest.xml:19:5-58
	android:name
		ADDED from [com.mapzen.android:lost:3.0.2] AndroidManifest.xml:19:19-55
service#com.mapzen.android.lost.internal.FusedLocationProviderService
ADDED from [com.mapzen.android:lost:3.0.2] AndroidManifest.xml:22:9-24:39
	android:process
		ADDED from [com.mapzen.android:lost:3.0.2] AndroidManifest.xml:24:13-36
	android:name
		ADDED from [com.mapzen.android:lost:3.0.2] AndroidManifest.xml:23:13-89
service#com.mapzen.android.lost.internal.GeofencingIntentService
ADDED from [com.mapzen.android:lost:3.0.2] AndroidManifest.xml:25:9-29:19
	android:name
		ADDED from [com.mapzen.android:lost:3.0.2] AndroidManifest.xml:25:18-89
intent-filter#com.mapzen.lost.action.ACTION_GEOFENCING_SERVICE
ADDED from [com.mapzen.android:lost:3.0.2] AndroidManifest.xml:26:13-28:29
action#com.mapzen.lost.action.ACTION_GEOFENCING_SERVICE
ADDED from [com.mapzen.android:lost:3.0.2] AndroidManifest.xml:27:17-91
	android:name
		ADDED from [com.mapzen.android:lost:3.0.2] AndroidManifest.xml:27:25-88
service#com.mapzen.android.lost.internal.DwellIntentService
ADDED from [com.mapzen.android:lost:3.0.2] AndroidManifest.xml:30:9-31:19
	android:name
		ADDED from [com.mapzen.android:lost:3.0.2] AndroidManifest.xml:30:18-84
meta-data#android.support.VERSION
ADDED from [com.android.support:appcompat-v7:26.1.0] AndroidManifest.xml:26:9-28:38
MERGED from [com.android.support:support-v4:26.1.0] AndroidManifest.xml:26:9-28:38
MERGED from [com.android.support:support-media-compat:26.1.0] AndroidManifest.xml:26:9-28:38
MERGED from [com.android.support:support-fragment:26.1.0] AndroidManifest.xml:26:9-28:38
MERGED from [com.android.support:support-core-utils:26.1.0] AndroidManifest.xml:26:9-28:38
MERGED from [com.android.support:animated-vector-drawable:26.1.0] AndroidManifest.xml:23:9-25:38
MERGED from [com.android.support:support-vector-drawable:26.1.0] AndroidManifest.xml:23:9-25:38
MERGED from [com.android.support:support-core-ui:26.1.0] AndroidManifest.xml:26:9-28:38
MERGED from [com.android.support:support-compat:26.1.0] AndroidManifest.xml:26:9-28:38
	android:value
		ADDED from [com.android.support:appcompat-v7:26.1.0] AndroidManifest.xml:28:13-35
	android:name
		ADDED from [com.android.support:appcompat-v7:26.1.0] AndroidManifest.xml:27:13-51
meta-data#android.arch.lifecycle.VERSION
ADDED from [android.arch.lifecycle:runtime:1.0.0] AndroidManifest.xml:25:9-27:47
	android:value
		ADDED from [android.arch.lifecycle:runtime:1.0.0] AndroidManifest.xml:27:13-44
	android:name
		ADDED from [android.arch.lifecycle:runtime:1.0.0] AndroidManifest.xml:26:13-58